2025-04-04 03:29:41.238689 - Received CBT.V508.FILE101.PDS from FILE101.XMI 
2025-04-04 03:29:41.239811 - Found $$$$DISC.txt (text/plain) in CBT.V508.FILE101.PDS, moved to PDS/$$$$DISC
2025-04-04 03:29:41.239956 - Found $$$#DATE.txt (text/plain) in CBT.V508.FILE101.PDS, moved to PDS/$$$#DATE
2025-04-04 03:29:41.240095 - Found @FILE101.txt (text/plain) in CBT.V508.FILE101.PDS, moved to PDS/@FILE101
2025-04-04 03:29:41.240219 - Found ABRARCH1.txt (text/plain) in CBT.V508.FILE101.PDS, moved to PDS/ABRARCH1
2025-04-04 03:29:41.240381 - Found ABRARCH2.txt (text/plain) in CBT.V508.FILE101.PDS, moved to PDS/ABRARCH2
2025-04-04 03:29:41.240509 - Found ABRARCH3.txt (text/plain) in CBT.V508.FILE101.PDS, moved to PDS/ABRARCH3
2025-04-04 03:29:41.240639 - Found ABRARCH4.txt (text/plain) in CBT.V508.FILE101.PDS, moved to PDS/ABRARCH4
2025-04-04 03:29:41.240760 - Found ABRARCH5.txt (text/plain) in CBT.V508.FILE101.PDS, moved to PDS/ABRARCH5
2025-04-04 03:29:41.240875 - Found ABRARCH6.txt (text/plain) in CBT.V508.FILE101.PDS, moved to PDS/ABRARCH6
2025-04-04 03:29:41.240987 - Found ABRBKUP1.txt (text/plain) in CBT.V508.FILE101.PDS, moved to PDS/ABRBKUP1
2025-04-04 03:29:41.241103 - Found ABRBKUP2.txt (text/plain) in CBT.V508.FILE101.PDS, moved to PDS/ABRBKUP2
2025-04-04 03:29:41.241886 - Found ABRBKUP3.txt (text/plain) in CBT.V508.FILE101.PDS, moved to PDS/ABRBKUP3
2025-04-04 03:29:41.242187 - Found ABRBKUP4.txt (text/plain) in CBT.V508.FILE101.PDS, moved to PDS/ABRBKUP4
2025-04-04 03:29:41.242337 - Found ABRRPT1.txt (text/plain) in CBT.V508.FILE101.PDS, moved to PDS/ABRRPT1
2025-04-04 03:29:41.243213 - Found ABRRPT2.txt (text/plain) in CBT.V508.FILE101.PDS, moved to PDS/ABRRPT2
2025-04-04 03:29:41.243391 - Found ABRRPT3.txt (text/plain) in CBT.V508.FILE101.PDS, moved to PDS/ABRRPT3
2025-04-04 03:29:41.243523 - Found ABRRPT4.txt (text/plain) in CBT.V508.FILE101.PDS, moved to PDS/ABRRPT4
2025-04-04 03:29:41.243802 - Found ABRRPT5.txt (text/plain) in CBT.V508.FILE101.PDS, moved to PDS/ABRRPT5
2025-04-04 03:29:41.243938 - Found ABRRPT6.txt (text/plain) in CBT.V508.FILE101.PDS, moved to PDS/ABRRPT6
2025-04-04 03:29:41.244062 - Found ABRUIDCK.txt (text/plain) in CBT.V508.FILE101.PDS, moved to PDS/ABRUIDCK
2025-04-04 03:29:41.244185 - Found ABRVOLDF.txt (text/plain) in CBT.V508.FILE101.PDS, moved to PDS/ABRVOLDF
2025-04-04 03:29:41.244299 - Found ADDPASS.txt (text/plain) in CBT.V508.FILE101.PDS, moved to PDS/ADDPASS
2025-04-04 03:29:41.244414 - Found CHNGPASS.txt (text/plain) in CBT.V508.FILE101.PDS, moved to PDS/CHNGPASS
2025-04-04 03:29:41.244529 - Found DELPASS.txt (text/plain) in CBT.V508.FILE101.PDS, moved to PDS/DELPASS
2025-04-04 03:29:41.244647 - Found GENER1.txt (text/plain) in CBT.V508.FILE101.PDS, moved to PDS/GENER1
2025-04-04 03:29:41.244760 - Found INFOMGT1.txt (text/plain) in CBT.V508.FILE101.PDS, moved to PDS/INFOMGT1
2025-04-04 03:29:41.244927 - Found PLTCMPR.txt (text/plain) in CBT.V508.FILE101.PDS, moved to PDS/PLTCMPR
2025-04-04 03:29:41.245046 - Found S1ASM1.txt (text/plain) in CBT.V508.FILE101.PDS, moved to PDS/S1ASM1
2025-04-04 03:29:41.245170 - Found S1ASM1B.txt (text/plain) in CBT.V508.FILE101.PDS, moved to PDS/S1ASM1B
2025-04-04 03:29:41.245280 - Found S1OBJ1.txt (text/plain) in CBT.V508.FILE101.PDS, moved to PDS/S1OBJ1
2025-04-04 03:29:41.245388 - Found USERCOB.txt (text/plain) in CBT.V508.FILE101.PDS, moved to PDS/USERCOB
2025-04-04 03:29:41.245500 - Found USERCOBB.txt (text/plain) in CBT.V508.FILE101.PDS, moved to PDS/USERCOBB
2025-04-04 03:29:41.245611 - Found USERLNK.txt (text/plain) in CBT.V508.FILE101.PDS, moved to PDS/USERLNK
2025-04-04 03:29:41.245722 - Found USERLNKB.txt (text/plain) in CBT.V508.FILE101.PDS, moved to PDS/USERLNKB
2025-04-04 03:29:41.245833 - Found USERSELB.txt (text/plain) in CBT.V508.FILE101.PDS, moved to PDS/USERSELB
2025-04-04 03:29:41.245964 - Found VTOCCMD1.txt (text/plain) in CBT.V508.FILE101.PDS, moved to PDS/VTOCCMD1
